app/build/intermediates/manifest_merge_blame_file/debug/manifest-merger-blame-debug-report.txt
1<?xml version="1.0" encoding="utf-8"?>
2<manifest xmlns:android="http://schemas.android.com/apk/res/android"
3    package="com.example.newsapplication"
4    android:versionCode="1"
5    android:versionName="1.0" >
6
7    <uses-sdk
8        android:minSdkVersion="16"
8-->src\main\AndroidManifest.xml
9        android:targetSdkVersion="28" />
9-->src\main\AndroidManifest.xml
10
11    <uses-permission android:name="android.permission.INTERNET" />
11-->src\main\AndroidManifest.xml:5:5-67
11-->src\main\AndroidManifest.xml:5:22-64
12    <uses-permission android:name="android.permission.ACCESS_NETWORK_STATE" />
12-->src\main\AndroidManifest.xml:6:5-79
12-->src\main\AndroidManifest.xml:6:22-76
13
14    <application
14-->src\main\AndroidManifest.xml:8:5-40:19
15        android:name="com.example.newsapplication.App"
15-->src\main\AndroidManifest.xml:9:9-28
16        android:allowBackup="true"
16-->src\main\AndroidManifest.xml:10:9-35
17        android:appComponentFactory="androidx.core.app.CoreComponentFactory"
17-->[androidx.core:core:1.2.0] AndroidManifest.xml:24:18-86
18        android:debuggable="true"
19        android:icon="@drawable/icon"
19-->src\main\AndroidManifest.xml:11:9-38
20        android:label="@string/app_name"
20-->src\main\AndroidManifest.xml:12:9-41
21        android:roundIcon="@drawable/icon"
21-->src\main\AndroidManifest.xml:13:9-43
22        android:supportsRtl="true"
22-->src\main\AndroidManifest.xml:14:9-35
23        android:testOnly="true"
24        android:theme="@style/AppTheme"
24-->src\main\AndroidManifest.xml:16:9-40
25        android:usesCleartextTraffic="true" >
25-->src\main\AndroidManifest.xml:15:9-44
26        <activity android:name="com.example.newsapplication.ChatActivity" />
26-->src\main\AndroidManifest.xml:17:9-50
26-->src\main\AndroidManifest.xml:17:19-47
27        <activity android:name="com.example.newsapplication.InfoActivity" />
27-->src\main\AndroidManifest.xml:18:9-50
27-->src\main\AndroidManifest.xml:18:19-47
28        <activity android:name="com.example.newsapplication.SignupActivity" />
28-->src\main\AndroidManifest.xml:19:9-52
28-->src\main\AndroidManifest.xml:19:19-49
29        <activity android:name="com.example.newsapplication.ResetPasswordActivity" />
29-->src\main\AndroidManifest.xml:20:9-59
29-->src\main\AndroidManifest.xml:20:19-56
30        <activity android:name="com.example.newsapplication.LoginActivity" >
30-->src\main\AndroidManifest.xml:21:9-27:20
30-->src\main\AndroidManifest.xml:21:19-48
31            <intent-filter>
31-->src\main\AndroidManifest.xml:22:13-26:29
32                <action android:name="android.intent.action.MAIN" />
32-->src\main\AndroidManifest.xml:23:17-69
32-->src\main\AndroidManifest.xml:23:25-66
33
34                <category android:name="android.intent.category.LAUNCHER" />
34-->src\main\AndroidManifest.xml:25:17-77
34-->src\main\AndroidManifest.xml:25:27-74
35            </intent-filter>
36        </activity>
37        <activity android:name="com.example.newsapplication.newsUri" />
37-->src\main\AndroidManifest.xml:28:9-45
37-->src\main\AndroidManifest.xml:28:19-42
38        <activity android:name="com.example.newsapplication.MainActivity" />
38-->src\main\AndroidManifest.xml:29:9-50
38-->src\main\AndroidManifest.xml:29:19-47
39
40        <meta-data
40-->src\main\AndroidManifest.xml:31:9-33:59
41            android:name="com.parse.SERVER_URL"
41-->src\main\AndroidManifest.xml:32:13-48
42            android:value="@string/back4app_server_url" />
42-->src\main\AndroidManifest.xml:33:13-56
43        <meta-data
43-->src\main\AndroidManifest.xml:34:9-36:55
44            android:name="com.parse.APPLICATION_ID"
44-->src\main\AndroidManifest.xml:35:13-52
45            android:value="@string/back4app_app_id" />
45-->src\main\AndroidManifest.xml:36:13-52
46        <meta-data
46-->src\main\AndroidManifest.xml:37:9-39:59
47            android:name="com.parse.CLIENT_KEY"
47-->src\main\AndroidManifest.xml:38:13-48
48            android:value="@string/back4app_client_key" />
48-->src\main\AndroidManifest.xml:39:13-56
49    </application>
50
51</manifest>